npm verbose cli C:\Program Files\nodejs\node.exe C:\Users\Yubram Guevara\AppData\Roaming\npm\node_modules\npm\bin\npm-cli.js
npm info using npm@10.8.2
npm info using node@v20.15.1
npm verbose title npm install
npm verbose argv "install" "--legacy-peer-deps" "--loglevel" "verbose"
npm verbose logfile logs-max:10 dir:C:\Users\Yubram Guevara\AppData\Local\npm-cache\_logs\2024-08-09T02_53_08_309Z-
npm verbose logfile C:\Users\Yubram Guevara\AppData\Local\npm-cache\_logs\2024-08-09T02_53_08_309Z-debug-0.log
npm http fetch GET 200 https://registry.npmjs.org/@faker-js%2ffaker 1551ms (cache revalidated)
npm http fetch GET 200 https://registry.npmjs.org/cypress-mochawesome-reporter 617ms (cache revalidated)
npm http fetch GET 200 https://registry.npmjs.org/browserstack-cypress-cli 69ms (cache revalidated)
npm http fetch GET 200 https://registry.npmjs.org/cypress 48ms (cache revalidated)
npm http fetch GET 200 https://registry.npmjs.org/chalk 78ms (cache revalidated)
npm http fetch GET 200 https://registry.npmjs.org/archiver 82ms (cache revalidated)
npm http fetch GET 200 https://registry.npmjs.org/fs-extra 89ms (cache revalidated)
npm http fetch GET 200 https://registry.npmjs.org/async 100ms (cache revalidated)
npm http fetch GET 200 https://registry.npmjs.org/git-last-commit 51ms (cache revalidated)
npm http fetch GET 200 https://registry.npmjs.org/glob 34ms (cache revalidated)
npm http fetch GET 200 https://registry.npmjs.org/mkdirp 36ms (cache revalidated)
npm http fetch GET 200 https://registry.npmjs.org/mocha 63ms (cache revalidated)
npm http fetch GET 200 https://registry.npmjs.org/request 42ms (cache revalidated)
npm http fetch GET 200 https://registry.npmjs.org/getmac 312ms (cache revalidated)
npm http fetch GET 200 https://registry.npmjs.org/requestretry 57ms (cache revalidated)
npm http fetch GET 200 https://registry.npmjs.org/table 42ms (cache revalidated)
npm http fetch GET 200 https://registry.npmjs.org/uuid 32ms (cache revalidated)
npm http fetch GET 200 https://registry.npmjs.org/windows-release 70ms (cache revalidated)
npm http fetch GET 200 https://registry.npmjs.org/cli-progress 666ms (cache revalidated)
npm http fetch GET 200 https://registry.npmjs.org/gitconfiglocal 624ms (cache revalidated)
npm http fetch GET 200 https://registry.npmjs.org/yargs 56ms (cache revalidated)
npm http fetch GET 200 https://registry.npmjs.org/browserstack-local 744ms (cache revalidated)
npm http fetch GET 200 https://registry.npmjs.org/tmp 49ms (cache revalidated)
npm http fetch GET 200 https://registry.npmjs.org/decompress 72ms (cache revalidated)
npm http fetch GET 200 https://registry.npmjs.org/arch 53ms (cache revalidated)
npm http fetch GET 200 https://registry.npmjs.org/debug 38ms (cache revalidated)
npm http fetch GET 200 https://registry.npmjs.org/execa 35ms (cache revalidated)
npm http fetch GET 200 https://registry.npmjs.org/is-ci 46ms (cache revalidated)
npm http fetch GET 200 https://registry.npmjs.org/getos 55ms (cache revalidated)
npm http fetch GET 200 https://registry.npmjs.org/node-ipc 712ms (cache revalidated)
npm http fetch GET 200 https://registry.npmjs.org/buffer 37ms (cache revalidated)
npm http fetch GET 200 https://registry.npmjs.org/listr2 53ms (cache revalidated)
npm http fetch GET 200 https://registry.npmjs.org/lodash 34ms (cache revalidated)
npm http fetch GET 200 https://registry.npmjs.org/git-repo-info 893ms (cache revalidated)
npm http fetch GET 200 https://registry.npmjs.org/figures 35ms (cache revalidated)
npm http fetch GET 200 https://registry.npmjs.org/semver 58ms (cache revalidated)
npm http fetch GET 200 https://registry.npmjs.org/update-notifier 706ms (cache revalidated)
npm http fetch GET 200 https://registry.npmjs.org/process 50ms (cache revalidated)
npm http fetch GET 200 https://registry.npmjs.org/bluebird 43ms (cache revalidated)
npm http fetch GET 200 https://registry.npmjs.org/enquirer 80ms (cache revalidated)
npm http fetch GET 200 https://registry.npmjs.org/minimist 32ms (cache revalidated)
npm http fetch GET 200 https://registry.npmjs.org/dayjs 704ms (cache revalidated)
npm http fetch GET 200 https://registry.npmjs.org/commander 61ms (cache revalidated)
npm http fetch GET 200 https://registry.npmjs.org/yauzl 703ms (cache revalidated)
npm http fetch GET 200 https://registry.npmjs.org/untildify 52ms (cache revalidated)
npm http fetch GET 200 https://registry.npmjs.org/cli-cursor 31ms (cache revalidated)
npm http fetch GET 200 https://registry.npmjs.org/ospath 691ms (cache revalidated)
npm http fetch GET 200 https://registry.npmjs.org/winston 1182ms (cache revalidated)
npm http fetch GET 200 https://registry.npmjs.org/executable 57ms (cache revalidated)
npm http fetch GET 200 https://registry.npmjs.org/common-tags 41ms (cache revalidated)
npm http fetch GET 200 https://registry.npmjs.org/log-symbols 42ms (cache revalidated)
npm http fetch GET 200 https://registry.npmjs.org/pretty-bytes 33ms (cache revalidated)
npm http fetch GET 200 https://registry.npmjs.org/cachedir 710ms (cache revalidated)
npm http fetch GET 200 https://registry.npmjs.org/lazy-ass 703ms (cache revalidated)
npm http fetch GET 200 https://registry.npmjs.org/eventemitter2 47ms (cache revalidated)
npm http fetch GET 200 https://registry.npmjs.org/blob-util 703ms (cache revalidated)
npm http fetch GET 200 https://registry.npmjs.org/proxy-from-env 98ms (cache revalidated)
npm http fetch GET 200 https://registry.npmjs.org/extract-zip 288ms (cache revalidated)
npm http fetch GET 200 https://registry.npmjs.org/request-progress 48ms (cache revalidated)
npm http fetch GET 200 https://registry.npmjs.org/is-installed-globally 48ms (cache revalidated)
npm http fetch GET 200 https://registry.npmjs.org/supports-color 261ms (cache revalidated)
npm http fetch GET 200 https://registry.npmjs.org/@cypress%2fxvfb 376ms (cache revalidated)
npm http fetch GET 200 https://registry.npmjs.org/check-more-types 268ms (cache revalidated)
npm http fetch GET 200 https://registry.npmjs.org/mochawesome-merge 60ms (cache revalidated)
npm http fetch GET 200 https://registry.npmjs.org/cli-table3 707ms (cache revalidated)
npm http fetch GET 200 https://registry.npmjs.org/mochawesome 264ms (cache revalidated)
npm http fetch GET 200 https://registry.npmjs.org/mochawesome-report-generator 265ms (cache revalidated)
npm http fetch GET 200 https://registry.npmjs.org/@types%2fsinonjs__fake-timers 526ms (cache revalidated)
npm http fetch GET 200 https://registry.npmjs.org/@types%2fsizzle 958ms (cache revalidated)
npm http fetch GET 200 https://registry.npmjs.org/@cypress%2frequest 1154ms (cache revalidated)
npm http fetch GET 200 https://registry.npmjs.org/readable-stream 40ms (cache revalidated)
npm http fetch GET 200 https://registry.npmjs.org/readdir-glob 57ms (cache revalidated)
npm http fetch GET 200 https://registry.npmjs.org/tar-stream 59ms (cache revalidated)
npm http fetch GET 200 https://registry.npmjs.org/archiver-utils 71ms (cache revalidated)
npm http fetch GET 200 https://registry.npmjs.org/https-proxy-agent 71ms (cache revalidated)
npm http fetch GET 200 https://registry.npmjs.org/agent-base 49ms (cache revalidated)
npm http fetch GET 200 https://registry.npmjs.org/is-running 81ms (cache revalidated)
npm http fetch GET 200 https://registry.npmjs.org/temp-fs 68ms (cache revalidated)
npm http fetch GET 200 https://registry.npmjs.org/decompress-tar 53ms (cache revalidated)
npm http fetch GET 200 https://registry.npmjs.org/decompress-tarbz2 66ms (cache revalidated)
npm http fetch GET 200 https://registry.npmjs.org/decompress-targz 59ms (cache revalidated)
npm http fetch GET 200 https://registry.npmjs.org/graceful-fs 43ms (cache revalidated)
npm http fetch GET 200 https://registry.npmjs.org/make-dir 47ms (cache revalidated)
npm http fetch GET 200 https://registry.npmjs.org/pify 48ms (cache revalidated)
npm http fetch GET 200 https://registry.npmjs.org/string-width 266ms (cache revalidated)
npm http fetch GET 200 https://registry.npmjs.org/jsonfile 39ms (cache revalidated)
npm http fetch GET 200 https://registry.npmjs.org/universalify 32ms (cache revalidated)
npm http fetch GET 200 https://registry.npmjs.org/decompress-unzip 277ms (cache revalidated)
npm http fetch GET 200 https://registry.npmjs.org/@types%2fnode 98ms (cache revalidated)
npm http fetch GET 200 https://registry.npmjs.org/buffer-crc32 699ms (cache revalidated)
npm http fetch GET 200 https://registry.npmjs.org/once 37ms (cache revalidated)
npm http fetch GET 200 https://registry.npmjs.org/zip-stream 713ms (cache revalidated)
npm http fetch GET 200 https://registry.npmjs.org/inflight 34ms (cache revalidated)
npm http fetch GET 200 https://registry.npmjs.org/fs.realpath 35ms (cache revalidated)
npm http fetch GET 200 https://registry.npmjs.org/ps-tree 713ms (cache revalidated)
npm http fetch GET 200 https://registry.npmjs.org/ansi-styles 722ms (cache revalidated)
npm http fetch GET 200 https://registry.npmjs.org/path-is-absolute 37ms (cache revalidated)
npm http fetch GET 200 https://registry.npmjs.org/ansi-colors 49ms (cache revalidated)
npm http fetch GET 200 https://registry.npmjs.org/diff 63ms (cache revalidated)
npm http fetch GET 200 https://registry.npmjs.org/escape-string-regexp 51ms (cache revalidated)
npm http fetch GET 200 https://registry.npmjs.org/find-up 31ms (cache revalidated)
npm http fetch GET 200 https://registry.npmjs.org/minimatch 269ms (cache revalidated)
npm http fetch GET 200 https://registry.npmjs.org/he 31ms (cache revalidated)
npm http fetch GET 200 https://registry.npmjs.org/strip-dirs 633ms (cache revalidated)
npm http fetch GET 200 https://registry.npmjs.org/js-yaml 35ms (cache revalidated)
npm http fetch GET 200 https://registry.npmjs.org/ms 31ms (cache revalidated)
npm http fetch GET 200 https://registry.npmjs.org/strip-json-comments 35ms (cache revalidated)
npm http fetch GET 200 https://registry.npmjs.org/serialize-javascript 45ms (cache revalidated)
npm http fetch GET 200 https://registry.npmjs.org/browser-stdout 271ms (cache revalidated)
npm http fetch GET 200 https://registry.npmjs.org/yargs 19ms (cache hit)
npm http fetch GET 200 https://registry.npmjs.org/yargs-parser 65ms (cache revalidated)
npm http fetch GET 200 https://registry.npmjs.org/event-pubsub 70ms (cache revalidated)
npm http fetch GET 200 https://registry.npmjs.org/ini 710ms (cache revalidated)
npm http fetch GET 200 https://registry.npmjs.org/js-message 59ms (cache revalidated)
npm http fetch GET 200 https://registry.npmjs.org/aws4 40ms (cache revalidated)
npm http fetch GET 200 https://registry.npmjs.org/aws-sign2 48ms (cache revalidated)
npm http fetch GET 200 https://registry.npmjs.org/caseless 39ms (cache revalidated)
npm http fetch GET 200 https://registry.npmjs.org/combined-stream 42ms (cache revalidated)
npm http fetch GET 200 https://registry.npmjs.org/workerpool 266ms (cache revalidated)
npm http fetch GET 200 https://registry.npmjs.org/forever-agent 33ms (cache revalidated)
npm http fetch GET 200 https://registry.npmjs.org/extend 42ms (cache revalidated)
npm http fetch GET 200 https://registry.npmjs.org/form-data 31ms (cache revalidated)
npm http fetch GET 200 https://registry.npmjs.org/yargs-unparser 289ms (cache revalidated)
npm http fetch GET 200 https://registry.npmjs.org/http-signature 38ms (cache revalidated)
npm http fetch GET 200 https://registry.npmjs.org/har-validator 45ms (cache revalidated)
npm http fetch GET 200 https://registry.npmjs.org/is-typedarray 34ms (cache revalidated)
npm http fetch GET 200 https://registry.npmjs.org/isstream 40ms (cache revalidated)
npm http fetch GET 200 https://registry.npmjs.org/json-stringify-safe 41ms (cache revalidated)
npm http fetch GET 200 https://registry.npmjs.org/mime-types 39ms (cache revalidated)
npm http fetch GET 200 https://registry.npmjs.org/oauth-sign 37ms (cache revalidated)
npm http fetch GET 200 https://registry.npmjs.org/inherits 719ms (cache revalidated)
npm http fetch GET 200 https://registry.npmjs.org/performance-now 39ms (cache revalidated)
npm http fetch GET 200 https://registry.npmjs.org/js-queue 279ms (cache revalidated)
npm http fetch GET 200 https://registry.npmjs.org/qs 46ms (cache revalidated)
npm http fetch GET 200 https://registry.npmjs.org/safe-buffer 52ms (cache revalidated)
npm http fetch GET 200 https://registry.npmjs.org/tough-cookie 48ms (cache revalidated)
npm http fetch GET 200 https://registry.npmjs.org/tunnel-agent 49ms (cache revalidated)
npm http fetch GET 200 https://registry.npmjs.org/slice-ansi 59ms (cache revalidated)
npm http fetch GET 200 https://registry.npmjs.org/is-npm 61ms (cache revalidated)
npm http fetch GET 200 https://registry.npmjs.org/chokidar 726ms (cache revalidated)
npm http fetch GET 200 https://registry.npmjs.org/boxen 77ms (cache revalidated)
npm http fetch GET 200 https://registry.npmjs.org/ajv 125ms (cache revalidated)
npm http fetch GET 200 https://registry.npmjs.org/semver-diff 55ms (cache revalidated)
npm http fetch GET 200 https://registry.npmjs.org/xdg-basedir 55ms (cache revalidated)
npm http fetch GET 200 https://registry.npmjs.org/import-lazy 137ms (cache revalidated)
npm http fetch GET 200 https://registry.npmjs.org/pupa 288ms (cache revalidated)
npm http fetch GET 200 https://registry.npmjs.org/is-in-ci 290ms (cache revalidated)
npm http fetch GET 200 https://registry.npmjs.org/configstore 262ms (cache revalidated)
npm http fetch GET 200 https://registry.npmjs.org/cliui 49ms (cache revalidated)
npm http fetch GET 200 https://registry.npmjs.org/decamelize 31ms (cache revalidated)
npm http fetch GET 200 https://registry.npmjs.org/eyes 269ms (cache revalidated)
npm http fetch GET 200 https://registry.npmjs.org/cycle 276ms (cache revalidated)
npm http fetch GET 200 https://registry.npmjs.org/set-blocking 44ms (cache revalidated)
npm http fetch GET 200 https://registry.npmjs.org/which-module 45ms (cache revalidated)
npm http fetch GET 200 https://registry.npmjs.org/require-main-filename 59ms (cache revalidated)
npm http fetch GET 200 https://registry.npmjs.org/require-directory 77ms (cache revalidated)
npm http fetch GET 200 https://registry.npmjs.org/stack-trace 259ms (cache revalidated)
npm http fetch GET 200 https://registry.npmjs.org/y18n 283ms (cache revalidated)
npm http fetch GET 200 https://registry.npmjs.org/get-caller-file 268ms (cache revalidated)
npm http fetch GET 200 https://registry.npmjs.org/latest-version 615ms (cache revalidated)
npm http fetch GET 200 https://registry.npmjs.org/colors 685ms (cache revalidated)
npm http fetch GET 200 https://registry.npmjs.org/lazystream 59ms (cache revalidated)
npm http fetch GET 200 https://registry.npmjs.org/lodash.difference 63ms (cache revalidated)
npm http fetch GET 200 https://registry.npmjs.org/string_decoder 36ms (cache revalidated)
npm http fetch GET 200 https://registry.npmjs.org/lodash.flatten 103ms (cache revalidated)
npm http fetch GET 200 https://registry.npmjs.org/util-deprecate 42ms (cache revalidated)
npm http fetch GET 200 https://registry.npmjs.org/lodash.union 108ms (cache revalidated)
npm http fetch GET 200 https://registry.npmjs.org/bl 42ms (cache revalidated)
npm http fetch GET 200 https://registry.npmjs.org/end-of-stream 39ms (cache revalidated)
npm http fetch GET 200 https://registry.npmjs.org/fs-constants 62ms (cache revalidated)
npm http fetch GET 200 https://registry.npmjs.org/lodash.isplainobject 265ms (cache revalidated)
npm http fetch GET 200 https://registry.npmjs.org/normalize-path 697ms (cache revalidated)
npm http fetch GET 200 https://registry.npmjs.org/lodash.defaults 702ms (cache revalidated)
npm http fetch GET 200 https://registry.npmjs.org/compress-commons 713ms (cache revalidated)
npm http fetch GET 200 https://registry.npmjs.org/isarray 38ms (cache revalidated)
npm http fetch GET 200 https://registry.npmjs.org/core-util-is 40ms (cache revalidated)
npm http fetch GET 200 https://registry.npmjs.org/process-nextick-args 41ms (cache revalidated)
npm http fetch GET 200 https://registry.npmjs.org/rimraf 39ms (cache revalidated)
npm http fetch GET 200 https://registry.npmjs.org/event-stream 63ms (cache revalidated)
npm http fetch GET 200 https://registry.npmjs.org/has-flag 53ms (cache revalidated)
npm http fetch GET 200 https://registry.npmjs.org/color-convert 265ms (cache revalidated)
npm http fetch GET 200 https://registry.npmjs.org/color-name 698ms (cache revalidated)
npm http fetch GET 200 https://registry.npmjs.org/emoji-regex 48ms (cache revalidated)
npm http fetch GET 200 https://registry.npmjs.org/is-fullwidth-code-point 83ms (cache revalidated)
npm http fetch GET 200 https://registry.npmjs.org/strip-ansi 114ms (cache revalidated)
npm http fetch GET 200 https://registry.npmjs.org/base64-js 42ms (cache revalidated)
npm http fetch GET 200 https://registry.npmjs.org/ieee754 44ms (cache revalidated)
npm http fetch GET 200 https://registry.npmjs.org/restore-cursor 61ms (cache revalidated)
npm http fetch GET 200 https://registry.npmjs.org/is-stream 61ms (cache revalidated)
npm http fetch GET 200 https://registry.npmjs.org/onetime 62ms (cache revalidated)
npm http fetch GET 200 https://registry.npmjs.org/get-stream 37ms (cache revalidated)
npm http fetch GET 200 https://registry.npmjs.org/cross-spawn 37ms (cache revalidated)
npm http fetch GET 200 https://registry.npmjs.org/merge-stream 37ms (cache revalidated)
npm http fetch GET 200 https://registry.npmjs.org/signal-exit 42ms (cache revalidated)
npm http fetch GET 200 https://registry.npmjs.org/npm-run-path 43ms (cache revalidated)
npm http fetch GET 200 https://registry.npmjs.org/human-signals 40ms (cache revalidated)
npm http fetch GET 200 https://registry.npmjs.org/strip-final-newline 38ms (cache revalidated)
npm http fetch GET 200 https://registry.npmjs.org/at-least-node 47ms (cache revalidated)
npm http fetch GET 200 https://registry.npmjs.org/ci-info 45ms (cache revalidated)
npm http fetch GET 200 https://registry.npmjs.org/is-path-inside 55ms (cache revalidated)
npm http fetch GET 200 https://registry.npmjs.org/global-dirs 60ms (cache revalidated)
npm http fetch GET 200 https://registry.npmjs.org/p-map 32ms (cache revalidated)
npm http fetch GET 200 https://registry.npmjs.org/rxjs 62ms (cache revalidated)
npm http fetch GET 200 https://registry.npmjs.org/through 52ms (cache revalidated)
npm http fetch GET 200 https://registry.npmjs.org/lodash.once 272ms (cache revalidated)
npm http fetch GET 200 https://registry.npmjs.org/colorette 55ms (cache revalidated)
npm http fetch GET 200 https://registry.npmjs.org/wrap-ansi 55ms (cache revalidated)
npm http fetch GET 200 https://registry.npmjs.org/is-unicode-supported 36ms (cache revalidated)
npm http fetch GET 200 https://registry.npmjs.org/cli-truncate 52ms (cache revalidated)
npm http fetch GET 200 https://registry.npmjs.org/throttleit 46ms (cache revalidated)
npm http fetch GET 200 https://registry.npmjs.org/fd-slicer 57ms (cache revalidated)
npm http fetch GET 200 https://registry.npmjs.org/@colors%2fcolors 730ms (cache revalidated)
npm http fetch GET 200 https://registry.npmjs.org/rfdc 711ms (cache revalidated)
npm http fetch GET 200 https://registry.npmjs.org/log-update 710ms (cache revalidated)
npm http fetch GET 200 https://registry.npmjs.org/@types%2fyauzl 1083ms (cache revalidated)
npm http fetch GET 200 https://registry.npmjs.org/asynckit 42ms (cache revalidated)
npm http fetch GET 200 https://registry.npmjs.org/sshpk 43ms (cache revalidated)
npm http fetch GET 200 https://registry.npmjs.org/delayed-stream 51ms (cache revalidated)
npm http fetch GET 200 https://registry.npmjs.org/mime-db 49ms (cache revalidated)
npm http fetch GET 200 https://registry.npmjs.org/assert-plus 57ms (cache revalidated)
npm http fetch GET 200 https://registry.npmjs.org/jsprim 58ms (cache revalidated)
npm http fetch GET 200 https://registry.npmjs.org/side-channel 58ms (cache revalidated)
npm http fetch GET 200 https://registry.npmjs.org/psl 47ms (cache revalidated)
npm http fetch GET 200 https://registry.npmjs.org/url-parse 41ms (cache revalidated)
npm http fetch GET 200 https://registry.npmjs.org/punycode 53ms (cache revalidated)
npm http fetch GET 200 https://registry.npmjs.org/yargs 19ms (cache hit)
npm http fetch GET 200 https://registry.npmjs.org/lodash.isfunction 56ms (cache revalidated)
npm http fetch GET 200 https://registry.npmjs.org/lodash.isstring 59ms (cache revalidated)
npm http fetch GET 200 https://registry.npmjs.org/lodash.isobject 64ms (cache revalidated)
npm http fetch GET 200 https://registry.npmjs.org/prop-types 36ms (cache revalidated)
npm http fetch GET 200 https://registry.npmjs.org/tcomb-validation 50ms (cache revalidated)
npm http fetch GET 200 https://registry.npmjs.org/validator 53ms (cache revalidated)
npm http fetch GET 200 https://registry.npmjs.org/yargs 8ms (cache hit)
npm http fetch GET 200 https://registry.npmjs.org/escape-html 267ms (cache revalidated)
npm http fetch GET 200 https://registry.npmjs.org/lodash.isempty 282ms (cache revalidated)
npm http fetch GET 200 https://registry.npmjs.org/dateformat 279ms (cache revalidated)
npm http fetch GET 200 https://registry.npmjs.org/fsu 673ms (cache revalidated)
npm http fetch GET 200 https://registry.npmjs.org/tcomb 672ms (cache revalidated)
npm http fetch GET 200 https://registry.npmjs.org/opener 711ms (cache revalidated)
npm http fetch GET 200 https://registry.npmjs.org/seek-bzip 79ms (cache revalidated)
npm http fetch GET 200 https://registry.npmjs.org/file-type 82ms (cache revalidated)
npm http fetch GET 200 https://registry.npmjs.org/file-type 96ms (cache revalidated)
npm http fetch GET 200 https://registry.npmjs.org/file-type 96ms (cache revalidated)
npm http fetch GET 200 https://registry.npmjs.org/file-type 107ms (cache revalidated)
npm http fetch GET 200 https://registry.npmjs.org/unbzip2-stream 120ms (cache revalidated)
npm http fetch GET 200 https://registry.npmjs.org/is-natural-number 117ms (cache revalidated)
npm http fetch GET 200 https://registry.npmjs.org/xtend 36ms (cache revalidated)
npm http fetch GET 200 https://registry.npmjs.org/to-buffer 715ms (cache revalidated)
npm http fetch GET 200 https://registry.npmjs.org/buffer-alloc 825ms (cache revalidated)
npm http fetch GET 200 https://registry.npmjs.org/object-assign 34ms (cache revalidated)
npm http fetch GET 200 https://registry.npmjs.org/pinkie-promise 46ms (cache revalidated)
npm http fetch GET 200 https://registry.npmjs.org/ansi-regex 48ms (cache revalidated)
npm http fetch GET 200 https://registry.npmjs.org/path-key 43ms (cache revalidated)
npm http fetch GET 200 https://registry.npmjs.org/shebang-command 43ms (cache revalidated)
npm http fetch GET 200 https://registry.npmjs.org/pump 44ms (cache revalidated)
npm http fetch GET 200 https://registry.npmjs.org/path-key 43ms (cache revalidated)
npm http fetch GET 200 https://registry.npmjs.org/mimic-fn 48ms (cache revalidated)
npm http fetch GET 200 https://registry.npmjs.org/which 63ms (cache revalidated)
npm http fetch GET 200 https://registry.npmjs.org/shebang-regex 35ms (cache revalidated)
npm http fetch GET 200 https://registry.npmjs.org/isexe 35ms (cache revalidated)
npm http fetch GET 200 https://registry.npmjs.org/@types%2fnode 22ms (cache hit)
npm http fetch GET 200 https://registry.npmjs.org/undici-types 46ms (cache revalidated)
npm http fetch GET 200 https://registry.npmjs.org/pinkie 31ms (cache revalidated)
npm http fetch GET 200 https://registry.npmjs.org/wrappy 54ms (cache revalidated)
npm http fetch GET 200 https://registry.npmjs.org/wrappy 57ms (cache revalidated)
npm http fetch GET 200 https://registry.npmjs.org/brace-expansion 64ms (cache revalidated)
npm http fetch GET 200 https://registry.npmjs.org/extsprintf 46ms (cache revalidated)
npm http fetch GET 200 https://registry.npmjs.org/asn1 46ms (cache revalidated)
npm http fetch GET 200 https://registry.npmjs.org/getpass 47ms (cache revalidated)
npm http fetch GET 200 https://registry.npmjs.org/verror 52ms (cache revalidated)
npm http fetch GET 200 https://registry.npmjs.org/json-schema 60ms (cache revalidated)
npm http fetch GET 200 https://registry.npmjs.org/safer-buffer 57ms (cache revalidated)
npm http fetch GET 200 https://registry.npmjs.org/dashdash 60ms (cache revalidated)
npm http fetch GET 200 https://registry.npmjs.org/ecc-jsbn 38ms (cache revalidated)
npm http fetch GET 200 https://registry.npmjs.org/tweetnacl 42ms (cache revalidated)
npm http fetch GET 200 https://registry.npmjs.org/jsbn 47ms (cache revalidated)
npm http fetch GET 200 https://registry.npmjs.org/bcrypt-pbkdf 43ms (cache revalidated)
npm http fetch GET 200 https://registry.npmjs.org/aggregate-error 35ms (cache revalidated)
npm http fetch GET 200 https://registry.npmjs.org/ansi-escapes 40ms (cache revalidated)
npm http fetch GET 200 https://registry.npmjs.org/tslib 59ms (cache revalidated)
npm http fetch GET 200 https://registry.npmjs.org/astral-regex 30ms (cache revalidated)
npm http fetch GET 200 https://registry.npmjs.org/type-fest 32ms (cache revalidated)
npm http fetch GET 200 https://registry.npmjs.org/balanced-match 45ms (cache revalidated)
npm http fetch GET 200 https://registry.npmjs.org/concat-map 603ms (cache revalidated)
npm http fetch GET 200 https://registry.npmjs.org/is-binary-path 54ms (cache revalidated)
npm http fetch GET 200 https://registry.npmjs.org/readdirp 58ms (cache revalidated)
npm http fetch GET 200 https://registry.npmjs.org/is-glob 66ms (cache revalidated)
npm http fetch GET 200 https://registry.npmjs.org/braces 76ms (cache revalidated)
npm http fetch GET 200 https://registry.npmjs.org/glob-parent 80ms (cache revalidated)
npm http fetch GET 200 https://registry.npmjs.org/anymatch 85ms (cache revalidated)
npm http fetch GET 200 https://registry.npmjs.org/locate-path 50ms (cache revalidated)
npm http fetch GET 200 https://registry.npmjs.org/randombytes 44ms (cache revalidated)
npm http fetch GET 200 https://registry.npmjs.org/camelcase 38ms (cache revalidated)
npm http fetch GET 200 https://registry.npmjs.org/path-exists 69ms (cache revalidated)
npm http fetch GET 200 https://registry.npmjs.org/argparse 65ms (cache revalidated)
npm http fetch GET 200 https://registry.npmjs.org/escalade 67ms (cache revalidated)
npm http fetch GET 200 https://registry.npmjs.org/is-plain-obj 47ms (cache revalidated)
npm http fetch GET 200 https://registry.npmjs.org/fsevents 274ms (cache revalidated)
npm http fetch GET 200 https://registry.npmjs.org/flat 703ms (cache revalidated)
npm http fetch GET 200 https://registry.npmjs.org/picomatch 51ms (cache revalidated)
npm http fetch GET 200 https://registry.npmjs.org/picomatch 56ms (cache revalidated)
npm http fetch GET 200 https://registry.npmjs.org/is-extglob 63ms (cache revalidated)
npm http fetch GET 200 https://registry.npmjs.org/fill-range 115ms (cache revalidated)
npm http fetch GET 200 https://registry.npmjs.org/binary-extensions 704ms (cache revalidated)
npm http fetch GET 200 https://registry.npmjs.org/to-regex-range 694ms (cache revalidated)
npm http fetch GET 200 https://registry.npmjs.org/is-number 263ms (cache revalidated)
npm http fetch GET 200 https://registry.npmjs.org/p-locate 51ms (cache revalidated)
npm http fetch GET 200 https://registry.npmjs.org/p-limit 37ms (cache revalidated)
npm http fetch GET 200 https://registry.npmjs.org/react-is 59ms (cache revalidated)
npm http fetch GET 200 https://registry.npmjs.org/loose-envify 718ms (cache revalidated)
npm http fetch GET 200 https://registry.npmjs.org/easy-stack 62ms (cache revalidated)
npm http fetch GET 200 https://registry.npmjs.org/yocto-queue 42ms (cache revalidated)
npm http fetch GET 200 https://registry.npmjs.org/clean-stack 35ms (cache revalidated)
npm http fetch GET 200 https://registry.npmjs.org/indent-string 36ms (cache revalidated)
npm http fetch GET 200 https://registry.npmjs.org/js-tokens 31ms (cache revalidated)
npm http fetch GET 200 https://registry.npmjs.org/duplexer 39ms (cache revalidated)
npm http fetch GET 200 https://registry.npmjs.org/pause-stream 51ms (cache revalidated)
npm http fetch GET 200 https://registry.npmjs.org/from 62ms (cache revalidated)
npm http fetch GET 200 https://registry.npmjs.org/stream-combiner 65ms (cache revalidated)
npm http fetch GET 200 https://registry.npmjs.org/split 695ms (cache revalidated)
npm http fetch GET 200 https://registry.npmjs.org/map-stream 748ms (cache revalidated)
npm http fetch GET 200 https://registry.npmjs.org/get-intrinsic 48ms (cache revalidated)
npm http fetch GET 200 https://registry.npmjs.org/call-bind 52ms (cache revalidated)
npm http fetch GET 200 https://registry.npmjs.org/object-inspect 53ms (cache revalidated)
npm http fetch GET 200 https://registry.npmjs.org/es-errors 709ms (cache revalidated)
npm http fetch GET 200 https://registry.npmjs.org/ajv 13ms (cache hit)
npm http fetch GET 200 https://registry.npmjs.org/har-schema 36ms (cache revalidated)
npm http fetch GET 200 https://registry.npmjs.org/uri-js 36ms (cache revalidated)
npm http fetch GET 200 https://registry.npmjs.org/fast-json-stable-stringify 38ms (cache revalidated)
npm http fetch GET 200 https://registry.npmjs.org/fast-deep-equal 40ms (cache revalidated)
npm http fetch GET 200 https://registry.npmjs.org/json-schema-traverse 44ms (cache revalidated)
npm http fetch GET 200 https://registry.npmjs.org/function-bind 54ms (cache revalidated)
npm http fetch GET 200 https://registry.npmjs.org/has-proto 53ms (cache revalidated)
npm http fetch GET 200 https://registry.npmjs.org/has-symbols 56ms (cache revalidated)
npm http fetch GET 200 https://registry.npmjs.org/function-bind 62ms (cache revalidated)
npm http fetch GET 200 https://registry.npmjs.org/set-function-length 64ms (cache revalidated)
npm http fetch GET 200 https://registry.npmjs.org/es-define-property 67ms (cache revalidated)
npm http fetch GET 200 https://registry.npmjs.org/hasown 70ms (cache revalidated)
npm http fetch GET 200 https://registry.npmjs.org/has-property-descriptors 48ms (cache revalidated)
npm http fetch GET 200 https://registry.npmjs.org/gopd 54ms (cache revalidated)
npm http fetch GET 200 https://registry.npmjs.org/define-data-property 60ms (cache revalidated)
npm http fetch GET 200 https://registry.npmjs.org/requires-port 33ms (cache revalidated)
npm http fetch GET 200 https://registry.npmjs.org/querystringify 36ms (cache revalidated)
npm http fetch GET 200 https://registry.npmjs.org/dot-prop 39ms (cache revalidated)
npm http fetch GET 200 https://registry.npmjs.org/unique-string 43ms (cache revalidated)
npm http fetch GET 200 https://registry.npmjs.org/write-file-atomic 43ms (cache revalidated)
npm http fetch GET 200 https://registry.npmjs.org/ansi-align 67ms (cache revalidated)
npm http fetch GET 200 https://registry.npmjs.org/escape-goat 51ms (cache revalidated)
npm http fetch GET 200 https://registry.npmjs.org/cli-boxes 701ms (cache revalidated)
npm http fetch GET 200 https://registry.npmjs.org/package-json 699ms (cache revalidated)
npm http fetch GET 200 https://registry.npmjs.org/widest-line 725ms (cache revalidated)
npm http fetch GET 200 https://registry.npmjs.org/eastasianwidth 43ms (cache revalidated)
npm http fetch GET 200 https://registry.npmjs.org/typedarray-to-buffer 33ms (cache revalidated)
npm http fetch GET 200 https://registry.npmjs.org/crypto-random-string 36ms (cache revalidated)
npm http fetch GET 200 https://registry.npmjs.org/is-obj 41ms (cache revalidated)
npm http fetch GET 200 https://registry.npmjs.org/imurmurhash 41ms (cache revalidated)
npm http fetch GET 200 https://registry.npmjs.org/registry-url 48ms (cache revalidated)
npm http fetch GET 200 https://registry.npmjs.org/got 67ms (cache revalidated)
npm http fetch GET 200 https://registry.npmjs.org/registry-auth-token 777ms (cache revalidated)
npm http fetch GET 200 https://registry.npmjs.org/p-cancelable 59ms (cache revalidated)
npm http fetch GET 200 https://registry.npmjs.org/http2-wrapper 60ms (cache revalidated)
npm http fetch GET 200 https://registry.npmjs.org/responselike 66ms (cache revalidated)
npm http fetch GET 200 https://registry.npmjs.org/cacheable-request 127ms (cache revalidated)
npm http fetch GET 200 https://registry.npmjs.org/lowercase-keys 135ms (cache revalidated)
npm http fetch GET 200 https://registry.npmjs.org/rc 57ms (cache revalidated)
npm http fetch GET 200 https://registry.npmjs.org/cacheable-lookup 286ms (cache revalidated)
npm http fetch GET 200 https://registry.npmjs.org/@szmarczak%2fhttp-timer 258ms (cache revalidated)
npm http fetch GET 200 https://registry.npmjs.org/form-data-encoder 278ms (cache revalidated)
npm http fetch GET 200 https://registry.npmjs.org/decompress-response 694ms (cache revalidated)
npm http fetch GET 200 https://registry.npmjs.org/@sindresorhus%2fis 945ms (cache revalidated)
npm http fetch GET 200 https://registry.npmjs.org/@pnpm%2fnpm-conf 920ms (cache revalidated)
npm http fetch GET 200 https://registry.npmjs.org/normalize-url 39ms (cache revalidated)
npm http fetch GET 200 https://registry.npmjs.org/keyv 45ms (cache revalidated)
npm http fetch GET 200 https://registry.npmjs.org/http-cache-semantics 61ms (cache revalidated)
npm http fetch GET 200 https://registry.npmjs.org/mimic-response 60ms (cache revalidated)
npm http fetch GET 200 https://registry.npmjs.org/mimic-response 64ms (cache revalidated)
npm http fetch GET 200 https://registry.npmjs.org/resolve-alpn 63ms (cache revalidated)
npm http fetch GET 200 https://registry.npmjs.org/defer-to-connect 623ms (cache revalidated)
npm http fetch GET 200 https://registry.npmjs.org/quick-lru 702ms (cache revalidated)
npm http fetch GET 200 https://registry.npmjs.org/@types%2fhttp-cache-semantics 1379ms (cache revalidated)
npm http fetch GET 200 https://registry.npmjs.org/json-buffer 35ms (cache revalidated)
npm http fetch GET 200 https://registry.npmjs.org/config-chain 73ms (cache revalidated)
npm http fetch GET 200 https://registry.npmjs.org/@pnpm%2fnetwork.ca-file 597ms (cache revalidated)
npm http fetch GET 200 https://registry.npmjs.org/@pnpm%2fconfig.env-replace 941ms (cache revalidated)
npm http fetch GET 200 https://registry.npmjs.org/proto-list 57ms (cache revalidated)
npm http fetch GET 200 https://registry.npmjs.org/deep-extend 34ms (cache revalidated)
npm http fetch GET 200 https://registry.npmjs.org/pend 50ms (cache revalidated)
npm http fetch GET 200 https://registry.npmjs.org/crc32-stream 696ms (cache revalidated)
npm http fetch GET 200 https://registry.npmjs.org/crc-32 726ms (cache revalidated)
npm http fetch GET 200 https://registry.npmjs.org/buffer-fill 92ms (cache revalidated)
npm http fetch GET 200 https://registry.npmjs.org/buffer-alloc-unsafe 267ms (cache revalidated)
npm http fetch GET 200 https://registry.npmjs.org/p-try 33ms (cache revalidated)
npm verbose reify failed optional dependency C:\Users\Yubram Guevara\Desktop\PGATS-Disc6-TestWeb\tmpBstackPackages\node_modules\fsevents
npm http fetch POST 200 https://registry.npmjs.org/-/npm/v1/security/advisories/bulk 803ms
npm warn deprecated inflight@1.0.6: This module is not supported, and leaks memory. Do not use it. Check out lru-cache if you want a good and tested way to coalesce async requests by a key value, which is much more comprehensive and powerful.
npm warn deprecated rimraf@2.5.4: Rimraf versions prior to v4 are no longer supported
npm warn deprecated har-validator@5.1.5: this library is no longer supported
npm warn deprecated glob@7.2.3: Glob versions prior to v9 are no longer supported
npm warn deprecated glob@8.1.0: Glob versions prior to v9 are no longer supported
npm http fetch GET 200 https://registry.npmjs.org/tough-cookie 688ms (cache revalidated)
npm http fetch GET 200 https://registry.npmjs.org/request 693ms (cache revalidated)
npm warn deprecated uuid@3.4.0: Please upgrade  to version 7 or higher.  Older versions may use Math.random() in certain circumstances, which is known to be problematic.  See https://v8.dev/blog/math-random for details.
npm warn deprecated request@2.88.2: request has been deprecated, see https://github.com/request/request/issues/3142
npm http fetch GET 200 https://registry.npmjs.org/browserstack-cypress-cli 953ms (cache revalidated)
npm info run cypress@13.13.2 postinstall node_modules/cypress node index.js --exec install
npm info run cypress@13.13.2 postinstall { code: 0, signal: null }

added 501 packages, and audited 502 packages in 39s

96 packages are looking for funding
  run `npm fund` for details

3 moderate severity vulnerabilities

To address all issues (including breaking changes), run:
  npm audit fix --force

Run `npm audit` for details.
npm verbose cwd C:\Users\Yubram Guevara\Desktop\PGATS-Disc6-TestWeb\tmpBstackPackages
npm verbose os Windows_NT 10.0.19045
npm verbose node v20.15.1
npm verbose npm  v10.8.2
npm verbose exit 0
npm info ok
